<?xml version="1.0" encoding="UTF-8"?>
<!-- Generated by org.testng.reporters.JUnitXMLReporter -->
<testsuite ignored="0" hostname="Sandhya" failures="0" tests="6" name="JRISignInPageValidations" time="27.384" errors="0" timestamp="2022-12-25T13:55:58 CST">
  <testcase classname="testng.TS_001" name="TC_004" time="14.029"/>
  <testcase classname="testng.TS_001" name="TC_005" time="0.127"/>
  <testcase classname="testng.TS_001" name="TC_006" time="0.225"/>
  <testcase classname="testng.TS_001" name="TC_007" time="0.115"/>
  <testcase classname="testng.TS_001" name="TC_008" time="5.027"/>
  <testcase classname="testng.TS_001" name="TC_009" time="7.756"/>
</testsuite> <!-- JRISignInPageValidations -->
